[debug] [2019-06-11T15:44:50.869Z] ----------------------------------------------------------------------
[debug] [2019-06-11T15:44:50.873Z] Command:       /Users/jamieperkins/.nvm/versions/node/v8.15.1/bin/node /Users/jamieperkins/.nvm/versions/node/v8.15.1/bin/firebase serve
[debug] [2019-06-11T15:44:50.873Z] CLI Version:   6.4.0
[debug] [2019-06-11T15:44:50.873Z] Platform:      darwin
[debug] [2019-06-11T15:44:50.873Z] Node Version:  v8.15.1
[debug] [2019-06-11T15:44:50.874Z] Time:          Tue Jun 11 2019 09:44:50 GMT-0600 (MDT)
[debug] [2019-06-11T15:44:50.874Z] ----------------------------------------------------------------------
[debug] 
[debug] [2019-06-11T15:44:50.884Z] > command requires scopes: ["email","openid","https://www.googleapis.com/auth/cloudplatformprojects.readonly","https://www.googleapis.com/auth/firebase","https://www.googleapis.com/auth/cloud-platform"]
[debug] [2019-06-11T15:44:50.884Z] > authorizing via signed-in user
[debug] [2019-06-11T15:44:50.884Z] [iam] checking project hometowns-angularfire for permissions ["firebase.projects.get"]
[debug] [2019-06-11T15:44:50.886Z] >>> HTTP REQUEST POST https://cloudresourcemanager.googleapis.com/v1/projects/hometowns-angularfire:testIamPermissions  

[debug] [2019-06-11T15:44:51.128Z] <<< HTTP RESPONSE 200
[debug] [2019-06-11T15:44:51.130Z] >>> HTTP REQUEST GET https://cloudresourcemanager.googleapis.com/v1/projects/hometowns-angularfire  
 
[debug] [2019-06-11T15:44:51.274Z] <<< HTTP RESPONSE 200
[info] 
[info] === Serving from '/Users/jamieperkins/Web-projects/GitHub/angularfire-test'...
[info] 
[info] i  functions: Preparing to emulate functions.
[debug] [2019-06-11T15:44:52.138Z] Fetching environment
[debug] [2019-06-11T15:44:52.140Z] >>> HTTP REQUEST GET https://mobilesdk-pa.googleapis.com/v1/projects/487411233540:getServerAppConfig  
 
[debug] [2019-06-11T15:44:52.141Z] >>> HTTP REQUEST GET https://mobilesdk-pa.googleapis.com/v1/projects/487411233540/clients/_:getWebAppConfig  
 
[debug] [2019-06-11T15:44:52.249Z] <<< HTTP RESPONSE 200
[debug] [2019-06-11T15:44:52.250Z] Starting @google-cloud/functions-emulator
[debug] [2019-06-11T15:44:52.288Z] <<< HTTP RESPONSE 200
[info] i  hosting: Serving hosting files from: public
[info] ✔  hosting: Local server: http://localhost:5000
[debug] [2019-06-11T15:44:53.822Z] Parsing function triggers
[info] ✔  functions: universal: http://localhost:5001/hometowns-angularfire/us-central1/universal
[info] [hosting] Rewriting / to local function universal
[info] [hosting] Rewriting / to local function universal
